Using pre-set license
Built from '2020.2/staging' branch; Version is '2020.2.6f1 (8a2143876886) revision 9052483'; Using compiler version '192528614'; Build Type 'Release'
OS: 'Windows 10 Pro; OS build 19042.1237; Version 2009; 64bit' Language: 'tr' Physical Memory: 15741 MB
BatchMode: 1, IsHumanControllingUs: 0, StartBugReporterOnCrash: 0, Is64bit: 1, IsPro: 0

 COMMAND LINE ARGUMENTS:
C:\Program Files\Unity\Hub\Editor\2020.2.6f1\Editor\Unity.exe
-adb2
-batchMode
-noUpm
-name
AssetImportWorker0
-projectPath
C:/Users/Berkant/Desktop/Unity/Jump Higher 3D
-logFile
Logs/AssetImportWorker0.log
-srvPort
55297
Successfully changed project path to: C:/Users/Berkant/Desktop/Unity/Jump Higher 3D
C:/Users/Berkant/Desktop/Unity/Jump Higher 3D
Using Asset Import Pipeline V2.
Refreshing native plugins compatible for Editor in 42.97 ms, found 0 plugins.
Preloading 0 native plugins for Editor in 0.00 ms.
Initialize engine version: 2020.2.6f1 (8a2143876886)
[Subsystems] Discovering subsystems at path C:/Program Files/Unity/Hub/Editor/2020.2.6f1/Editor/Data/Resources/UnitySubsystems
[Subsystems] Discovering subsystems at path C:/Users/Berkant/Desktop/Unity/Jump Higher 3D/Assets
GfxDevice: creating device client; threaded=0
Direct3D:
    Version:  Direct3D 11.0 [level 11.1]
    Renderer: NVIDIA GeForce GTX 1650 Ti (ID=0x1f95)
    Vendor:   
    VRAM:     3962 MB
    Driver:   27.21.14.5749
Shader 'Universal Render Pipeline/Particles/Lit': fallback shader 'Universal Render Pipeline/Particles/SimpleLit' not found
Initialize mono
Mono path[0] = 'C:/Program Files/Unity/Hub/Editor/2020.2.6f1/Editor/Data/Managed'
Mono path[1] = 'C:/Program Files/Unity/Hub/Editor/2020.2.6f1/Editor/Data/MonoBleedingEdge/lib/mono/unityjit'
Mono config path = 'C:/Program Files/Unity/Hub/Editor/2020.2.6f1/Editor/Data/MonoBleedingEdge/etc'
Using monoOptions --debugger-agent=transport=dt_socket,embedding=1,server=y,suspend=n,address=127.0.0.1:56180
Begin MonoManager ReloadAssembly
Registering precompiled unity dll's ...
Register platform support module: C:/Program Files/Unity/Hub/Editor/2020.2.6f1/Editor/Data/PlaybackEngines/WebGLSupport/UnityEditor.WebGL.Extensions.dll
Register platform support module: C:/Program Files/Unity/Hub/Editor/2020.2.6f1/Editor/Data/PlaybackEngines/WindowsStandaloneSupport/UnityEditor.WindowsStandalone.Extensions.dll
Registered in 0.001895 seconds.
Native extension for WindowsStandalone target not found
Native extension for WebGL target not found
Refreshing native plugins compatible for Editor in 45.55 ms, found 0 plugins.
Preloading 0 native plugins for Editor in 0.00 ms.
Invoked RoslynAnalysisRunner static constructor.
RoslynAnalysisRunner will not be running.
RoslynAnalysisRunner has terminated.
Mono: successfully reloaded assembly
- Completed reload, in  1.849 seconds
Platform modules already initialized, skipping
Registering precompiled user dll's ...
Registered in 0.001169 seconds.
Begin MonoManager ReloadAssembly
Native extension for WindowsStandalone target not found
Native extension for WebGL target not found
Refreshing native plugins compatible for Editor in 46.39 ms, found 0 plugins.
Preloading 0 native plugins for Editor in 0.00 ms.
Invoked RoslynAnalysisRunner static constructor.
RoslynAnalysisRunner will not be running.
RoslynAnalysisRunner has terminated.
Mono: successfully reloaded assembly
- Completed reload, in  0.927 seconds
Platform modules already initialized, skipping
========================================================================
Worker process is ready to serve import requests
Shader 'Universal Render Pipeline/Particles/Lit': fallback shader 'Universal Render Pipeline/Particles/SimpleLit' not found
Launched and connected shader compiler UnityShaderCompiler.exe after 0.04 seconds
Refreshing native plugins compatible for Editor in 0.46 ms, found 0 plugins.
Preloading 0 native plugins for Editor in 0.00 ms.
Unloading 2424 Unused Serialized files (Serialized files now loaded: 0)
System memory in use before: 123.6 MB.
System memory in use after: 123.7 MB.

Unloading 11 unused Assets to reduce memory usage. Loaded Objects now: 2887.
Total: 2.923000 ms (FindLiveObjects: 0.573700 ms CreateObjectMapping: 0.160200 ms MarkObjects: 2.083300 ms  DeleteObjects: 0.104200 ms)

========================================================================
Received Import Request.
  path: Assets/Scripts/Gun.cs
  artifactKey: Guid(4ad6bf8072bb66e41b29b5f6d3069e34) Importer(815301076,1909f56bfc062723c751e8b465ee728b)
Start importing Assets/Scripts/Gun.cs using Guid(4ad6bf8072bb66e41b29b5f6d3069e34) Importer(815301076,1909f56bfc062723c751e8b465ee728b)  -> (artifact id: '4e2cd9e266825d4ce0bbe2b2a487bf7a') in 0.052109 seconds
  Import took 0.057917 seconds .

========================================================================
Received Import Request.
  Time since last request: 8.133235 seconds.
  path: Assets/Scripts/Gun.cs
  artifactKey: Guid(4ad6bf8072bb66e41b29b5f6d3069e34) Importer(815301076,1909f56bfc062723c751e8b465ee728b)
Start importing Assets/Scripts/Gun.cs using Guid(4ad6bf8072bb66e41b29b5f6d3069e34) Importer(815301076,1909f56bfc062723c751e8b465ee728b)  -> (artifact id: 'a6a6d25e01742549b6eee4586f915908') in 0.002802 seconds
  Import took 0.008211 seconds .

========================================================================
Received Import Request.
  Time since last request: 13.766237 seconds.
  path: Assets/Scripts/Gun.cs
  artifactKey: Guid(4ad6bf8072bb66e41b29b5f6d3069e34) Importer(815301076,1909f56bfc062723c751e8b465ee728b)
Start importing Assets/Scripts/Gun.cs using Guid(4ad6bf8072bb66e41b29b5f6d3069e34) Importer(815301076,1909f56bfc062723c751e8b465ee728b)  -> (artifact id: 'e4aa4152d8330aa7b07aade21832d650') in 0.002795 seconds
  Import took 0.007949 seconds .

========================================================================
Received Import Request.
  Time since last request: 28.945020 seconds.
  path: Assets/Scripts/Gun.cs
  artifactKey: Guid(4ad6bf8072bb66e41b29b5f6d3069e34) Importer(815301076,1909f56bfc062723c751e8b465ee728b)
Start importing Assets/Scripts/Gun.cs using Guid(4ad6bf8072bb66e41b29b5f6d3069e34) Importer(815301076,1909f56bfc062723c751e8b465ee728b)  -> (artifact id: '81761ec4b6d09e11e7e749fae9a788d7') in 0.003193 seconds
  Import took 0.008483 seconds .

========================================================================
Received Import Request.
  Time since last request: 5.888483 seconds.
  path: Assets/Scripts/Gun.cs
  artifactKey: Guid(4ad6bf8072bb66e41b29b5f6d3069e34) Importer(815301076,1909f56bfc062723c751e8b465ee728b)
Start importing Assets/Scripts/Gun.cs using Guid(4ad6bf8072bb66e41b29b5f6d3069e34) Importer(815301076,1909f56bfc062723c751e8b465ee728b)  -> (artifact id: '5b833c3fc48ef6d4b50e3d29a4eba2f2') in 0.002654 seconds
  Import took 0.007686 seconds .

========================================================================
Received Prepare
Registering precompiled user dll's ...
Registered in 0.001752 seconds.
Begin MonoManager ReloadAssembly
Native extension for WindowsStandalone target not found
Native extension for WebGL target not found
Refreshing native plugins compatible for Editor in 0.42 ms, found 0 plugins.
Preloading 0 native plugins for Editor in 0.00 ms.
Invoked RoslynAnalysisRunner static constructor.
RoslynAnalysisRunner will not be running.
RoslynAnalysisRunner has terminated.
Mono: successfully reloaded assembly
- Completed reload, in  0.934 seconds
Platform modules already initialized, skipping
Switching build target platform(5) subTarget(0) extendedPlatform(0) -> platform(13) subTarget(537395200) extendedPlatform(0)
Shader 'Universal Render Pipeline/Particles/Lit': fallback shader 'Universal Render Pipeline/Particles/SimpleLit' not found
Refreshing native plugins compatible for Editor in 0.60 ms, found 0 plugins.
Preloading 0 native plugins for Editor in 0.00 ms.
Unloading 2318 Unused Serialized files (Serialized files now loaded: 0)
System memory in use before: 117.3 MB.
System memory in use after: 117.5 MB.

Unloading 6 unused Assets to reduce memory usage. Loaded Objects now: 2889.
Total: 3.074300 ms (FindLiveObjects: 0.265900 ms CreateObjectMapping: 0.062500 ms MarkObjects: 2.673700 ms  DeleteObjects: 0.071100 ms)

AssetImportParameters requested are different than current active one (requested -> active):
  custom:graphics/normal-map-encoding: 01000000000000000000000000000000 -> 02000000000000000000000000000000
AssetImportWorkerClient::OnTransportError - code=2 error=End of file
